/*C4*/SET SCHEMA PUBLIC
DISCONNECT
/*C5*/SET SCHEMA PUBLIC
DISCONNECT
/*C6*/SET SCHEMA PUBLIC
DISCONNECT
/*C7*/SET SCHEMA PUBLIC
ALTER SEQUENCE PUBLIC.FACTURE_SEQUENCE RESTART WITH 22
INSERT INTO FACTURE VALUES(21,'2011-05-11',4)
COMMIT
DISCONNECT
/*C8*/SET SCHEMA PUBLIC
INSERT INTO PRODUIT_FACTURE VALUES(21,3,3)
COMMIT
DISCONNECT
/*C9*/SET SCHEMA PUBLIC
INSERT INTO PRODUIT_FACTURE VALUES(21,5,2)
COMMIT
DISCONNECT
/*C10*/SET SCHEMA PUBLIC
DISCONNECT
/*C11*/SET SCHEMA PUBLIC
ALTER SEQUENCE PUBLIC.FACTURE_SEQUENCE RESTART WITH 23
INSERT INTO FACTURE VALUES(22,'2011-05-11',1)
COMMIT
DISCONNECT
